<?xml version="1.0" encoding="UTF-8"?>
<testsuite xmlns:xsi="http://www.w3.org/2001/XMLSchema-instance" xsi:noNamespaceSchemaLocation="https://maven.apache.org/surefire/maven-surefire-plugin/xsd/surefire-test-report.xsd" version="3.0.2" name="za.co.wethinkcode.robots.acceptance.SeeRobotsAndObstaclesTests" time="0.035" tests="1" errors="0" skipped="0" failures="0">
  <properties>
[...]
</properties>
  <testcase name="seeRobotsAndObstacles" classname="za.co.wethinkcode.robots.acceptance.SeeRobotsAndObstaclesTests" time="0.035">
    <system-out><![CDATA[Server running on port 0 & waiting for client connections...
New client connected: Socket[addr=/127.0.0.1,port=57690,localport=33847]
Connection from localhost

Server Command> 
Name: ROBOT1 , Command: launch , Arguments: ["shooter","5","5"]
Robot ROBOT1 launched into Position: 
  State:
    - Position: [1,1]
    - Make: hitbot
    - Direction: NORTH
    - Shields: 5
    - Shots: 5
    - Status: NORMAL


Server Command> 
< Client Response:
  Result: OK
  Message: Robot 'ROBOT1' of type 'shooter' launched.
  State:
    - Position: [1,1]
    - Make: hitbot
    - Direction: NORTH
    - Shields: 5
    - Shots: 5
    - Status: NORMAL
Server Command> 
New client connected: Socket[addr=/127.0.0.1,port=57696,localport=33847]
Connection from localhost

Server Command> 
Name: ROBOT2 , Command: launch , Arguments: ["shooter","5","5"]
Robot ROBOT2 launched into Position: 
  State:
    - Position: [0,0]
    - Make: hitbot
    - Direction: NORTH
    - Shields: 5
    - Shots: 5
    - Status: NORMAL


Server Command> 
< Client Response:
  Result: OK
  Message: Robot 'ROBOT2' of type 'shooter' launched.
  State:
    - Position: [0,0]
    - Make: hitbot
    - Direction: NORTH
    - Shields: 5
    - Shots: 5
    - Status: NORMAL
Server Command> 
New client connected: Socket[addr=/127.0.0.1,port=57706,localport=33847]
Connection from localhost

Server Command> 
Name: ROBOT3 , Command: launch , Arguments: ["shooter","5","5"]
Robot ROBOT3 launched into Position: 
  State:
    - Position: [0,2]
    - Make: hitbot
    - Direction: NORTH
    - Shields: 5
    - Shots: 5
    - Status: NORMAL


Server Command> 
< Client Response:
  Result: OK
  Message: Robot 'ROBOT3' of type 'shooter' launched.
  State:
    - Position: [0,2]
    - Make: hitbot
    - Direction: NORTH
    - Shields: 5
    - Shots: 5
    - Status: NORMAL
Server Command> 
New client connected: Socket[addr=/127.0.0.1,port=57712,localport=33847]
Connection from localhost

Server Command> 
Name: ROBOT4 , Command: launch , Arguments: ["shooter","5","5"]
Robot ROBOT4 launched into Position: 
  State:
    - Position: [1,0]
    - Make: hitbot
    - Direction: NORTH
    - Shields: 5
    - Shots: 5
    - Status: NORMAL


Server Command> 
< Client Response:
  Result: OK
  Message: Robot 'ROBOT4' of type 'shooter' launched.
  State:
    - Position: [1,0]
    - Make: hitbot
    - Direction: NORTH
    - Shields: 5
    - Shots: 5
    - Status: NORMAL
Server Command> 
New client connected: Socket[addr=/127.0.0.1,port=57716,localport=33847]
Connection from localhost

Server Command> 
Name: ROBOT5 , Command: launch , Arguments: ["shooter","5","5"]
Robot ROBOT5 launched into Position: 
  State:
    - Position: [1,2]
    - Make: hitbot
    - Direction: NORTH
    - Shields: 5
    - Shots: 5
    - Status: NORMAL


Server Command> 
< Client Response:
  Result: OK
  Message: Robot 'ROBOT5' of type 'shooter' launched.
  State:
    - Position: [1,2]
    - Make: hitbot
    - Direction: NORTH
    - Shields: 5
    - Shots: 5
    - Status: NORMAL
Server Command> 
New client connected: Socket[addr=/127.0.0.1,port=57724,localport=33847]
Connection from localhost

Server Command> 
Name: ROBOT6 , Command: launch , Arguments: ["shooter","5","5"]
Robot ROBOT6 launched into Position: 
  State:
    - Position: [2,0]
    - Make: hitbot
    - Direction: NORTH
    - Shields: 5
    - Shots: 5
    - Status: NORMAL


Server Command> 
< Client Response:
  Result: OK
  Message: Robot 'ROBOT6' of type 'shooter' launched.
  State:
    - Position: [2,0]
    - Make: hitbot
    - Direction: NORTH
    - Shields: 5
    - Shots: 5
    - Status: NORMAL
Server Command> 
New client connected: Socket[addr=/127.0.0.1,port=57726,localport=33847]
Connection from localhost

Server Command> 
Name: ROBOT7 , Command: launch , Arguments: ["shooter","5","5"]
Robot ROBOT7 launched into Position: 
  State:
    - Position: [2,1]
    - Make: hitbot
    - Direction: NORTH
    - Shields: 5
    - Shots: 5
    - Status: NORMAL


Server Command> 
< Client Response:
  Result: OK
  Message: Robot 'ROBOT7' of type 'shooter' launched.
  State:
    - Position: [2,1]
    - Make: hitbot
    - Direction: NORTH
    - Shields: 5
    - Shots: 5
    - Status: NORMAL
Server Command> 
New client connected: Socket[addr=/127.0.0.1,port=57728,localport=33847]
Connection from localhost

Server Command> 
Name: ROBOT8 , Command: launch , Arguments: ["shooter","5","5"]
Robot ROBOT8 launched into Position: 
  State:
    - Position: [2,2]
    - Make: hitbot
    - Direction: NORTH
    - Shields: 5
    - Shots: 5
    - Status: NORMAL


Server Command> 
< Client Response:
  Result: OK
  Message: Robot 'ROBOT8' of type 'shooter' launched.
  State:
    - Position: [2,2]
    - Make: hitbot
    - Direction: NORTH
    - Shields: 5
    - Shots: 5
    - Status: NORMAL
Server Command> 

Name: ROBOT1 , Command: look , Arguments: []

Server Command> 
< Client Response:
  Result: OK
  Objects Seen:
    - EDGE [Direction: NORTH, Distance: 1]
    - ROBOT [Direction: NORTH, Distance: 1]
    - EDGE [Direction: SOUTH, Distance: 1]
    - ROBOT [Direction: SOUTH, Distance: 1]
    - OBSTACLE [Direction: WEST, Distance: 1]
    - EDGE [Direction: EAST, Distance: 1]
    - ROBOT [Direction: EAST, Distance: 1]
  State:
    - Position: [1,1]
    - Make: hitbot
    - Direction: NORTH
    - Shields: 5
    - Shots: 5
    - Status: NORMAL
Server Command> 
Server socket closed.
]]></system-out>
  </testcase>
</testsuite>