<?xml version="1.0" encoding="UTF-8"?>
<testsuite xmlns:xsi="http://www.w3.org/2001/XMLSchema-instance" xsi:noNamespaceSchemaLocation="https://maven.apache.org/surefire/maven-surefire-plugin/xsd/surefire-test-report.xsd" version="3.0.2" name="za.co.wethinkcode.robots.command.TurnCommandTest" time="0.006" tests="6" errors="0" skipped="0" failures="0">
  <properties>
[...]
</properties>
  <testcase name="testTurnRight" classname="za.co.wethinkcode.robots.command.TurnCommandTest" time="0.001"/>
  <testcase name="testTurnLeft" classname="za.co.wethinkcode.robots.command.TurnCommandTest" time="0.001"/>
  <testcase name="getInstance_returnsSingletonInstance" classname="za.co.wethinkcode.robots.command.TurnCommandTest" time="0.0"/>
  <testcase name="testInvalidDirection" classname="za.co.wethinkcode.robots.command.TurnCommandTest" time="0.001"/>
  <testcase name="testEmptyArgument" classname="za.co.wethinkcode.robots.command.TurnCommandTest" time="0.001"/>
  <testcase name="testNullRobot" classname="za.co.wethinkcode.robots.command.TurnCommandTest" time="0.001"/>
</testsuite>