<?xml version="1.0" encoding="UTF-8"?>
<testsuite xmlns:xsi="http://www.w3.org/2001/XMLSchema-instance" xsi:noNamespaceSchemaLocation="https://maven.apache.org/surefire/maven-surefire-plugin/xsd/surefire-test-report.xsd" version="3.0.2" name="za.co.wethinkcode.robots.acceptance.LaunchWithObstacleTests" time="1.57" tests="2" errors="0" skipped="0" failures="1">
  <properties>
[...]
</properties>
  <testcase name="worldWithObstacleIsFull" classname="za.co.wethinkcode.robots.acceptance.LaunchWithObstacleTests" time="0.008">
    <system-out><![CDATA[Server running on port 0 & waiting for client connections...
New client connected: Socket[addr=/127.0.0.1,port=53822,localport=45235]
Connection from localhost

Server Command> 
Name: ROBOT1 , Command: launch , Arguments: ["shooter","5","5"]
Robot ROBOT1 launched into Position: 
  State:
    - Position: [0,0]
    - Make: hitbot
    - Direction: NORTH
    - Shields: 5
    - Shots: 5
    - Status: NORMAL


Server Command> 
< Client Response:
  Result: OK
  Message: Robot 'ROBOT1' of type 'shooter' launched.
  State:
    - Position: [0,0]
    - Make: hitbot
    - Direction: NORTH
    - Shields: 5
    - Shots: 5
    - Status: NORMAL
Server Command> 

Name: ROBOT2 , Command: launch , Arguments: ["shooter","5","5"]
Robot ROBOT2 launched into Position: 
  State:
    - Position: [0,1]
    - Make: hitbot
    - Direction: NORTH
    - Shields: 5
    - Shots: 5
    - Status: NORMAL


Server Command> 
< Client Response:
  Result: OK
  Message: Robot 'ROBOT2' of type 'shooter' launched.
  State:
    - Position: [0,1]
    - Make: hitbot
    - Direction: NORTH
    - Shields: 5
    - Shots: 5
    - Status: NORMAL
Server Command> 

Name: ROBOT3 , Command: launch , Arguments: ["shooter","5","5"]
Robot ROBOT3 launched into Position: 
  State:
    - Position: [0,2]
    - Make: hitbot
    - Direction: NORTH
    - Shields: 5
    - Shots: 5
    - Status: NORMAL


Server Command> 
< Client Response:
  Result: OK
  Message: Robot 'ROBOT3' of type 'shooter' launched.
  State:
    - Position: [0,2]
    - Make: hitbot
    - Direction: NORTH
    - Shields: 5
    - Shots: 5
    - Status: NORMAL
Server Command> 

Name: ROBOT4 , Command: launch , Arguments: ["shooter","5","5"]
Robot ROBOT4 launched into Position: 
  State:
    - Position: [1,0]
    - Make: hitbot
    - Direction: NORTH
    - Shields: 5
    - Shots: 5
    - Status: NORMAL


Server Command> 
< Client Response:
  Result: OK
  Message: Robot 'ROBOT4' of type 'shooter' launched.
  State:
    - Position: [1,0]
    - Make: hitbot
    - Direction: NORTH
    - Shields: 5
    - Shots: 5
    - Status: NORMAL
Server Command> 

Name: ROBOT5 , Command: launch , Arguments: ["shooter","5","5"]
Robot ROBOT5 launched into Position: 
  State:
    - Position: [1,2]
    - Make: hitbot
    - Direction: NORTH
    - Shields: 5
    - Shots: 5
    - Status: NORMAL


Server Command> 
< Client Response:
  Result: OK
  Message: Robot 'ROBOT5' of type 'shooter' launched.
  State:
    - Position: [1,2]
    - Make: hitbot
    - Direction: NORTH
    - Shields: 5
    - Shots: 5
    - Status: NORMAL
Server Command> 

Name: ROBOT6 , Command: launch , Arguments: ["shooter","5","5"]
Robot ROBOT6 launched into Position: 
  State:
    - Position: [2,0]
    - Make: hitbot
    - Direction: NORTH
    - Shields: 5
    - Shots: 5
    - Status: NORMAL


Server Command> 
< Client Response:
  Result: OK
  Message: Robot 'ROBOT6' of type 'shooter' launched.
  State:
    - Position: [2,0]
    - Make: hitbot
    - Direction: NORTH
    - Shields: 5
    - Shots: 5
    - Status: NORMAL
Server Command> 

Name: ROBOT7 , Command: launch , Arguments: ["shooter","5","5"]
Robot ROBOT7 launched into Position: 
  State:
    - Position: [2,1]
    - Make: hitbot
    - Direction: NORTH
    - Shields: 5
    - Shots: 5
    - Status: NORMAL


Server Command> 
< Client Response:
  Result: OK
  Message: Robot 'ROBOT7' of type 'shooter' launched.
  State:
    - Position: [2,1]
    - Make: hitbot
    - Direction: NORTH
    - Shields: 5
    - Shots: 5
    - Status: NORMAL
Server Command> 

Name: ROBOT8 , Command: launch , Arguments: ["shooter","5","5"]
Robot ROBOT8 launched into Position: 
  State:
    - Position: [2,2]
    - Make: hitbot
    - Direction: NORTH
    - Shields: 5
    - Shots: 5
    - Status: NORMAL


Server Command> 
< Client Response:
  Result: OK
  Message: Robot 'ROBOT8' of type 'shooter' launched.
  State:
    - Position: [2,2]
    - Make: hitbot
    - Direction: NORTH
    - Shields: 5
    - Shots: 5
    - Status: NORMAL
Server Command> 

Name: ONE_TOO_MANY , Command: launch , Arguments: ["shooter","5","5"]

Server Command> 
< Client Response:
  Result: ERROR
  Message: No more space
Server Command> 
Server socket closed.
]]></system-out>
  </testcase>
  <testcase name="launchRobotsIntoWorldWithObstacle" classname="za.co.wethinkcode.robots.acceptance.LaunchWithObstacleTests" time="0.007">
    <failure message="Robot 1 should launch successfully ==&gt; expected: &lt;DONER&gt; but was: &lt;OK&gt;" type="org.opentest4j.AssertionFailedError"><![CDATA[org.opentest4j.AssertionFailedError: Robot 1 should launch successfully ==> expected: <DONER> but was: <OK>
	at org.junit.jupiter.api.AssertionUtils.fail(AssertionUtils.java:55)
	at org.junit.jupiter.api.AssertionUtils.failNotEqual(AssertionUtils.java:62)
	at org.junit.jupiter.api.AssertEquals.assertEquals(AssertEquals.java:182)
	at org.junit.jupiter.api.Assertions.assertEquals(Assertions.java:1135)
	at za.co.wethinkcode.robots.acceptance.LaunchWithObstacleTests.launchRobotsIntoWorldWithObstacle(LaunchWithObstacleTests.java:75)
	at java.base/jdk.internal.reflect.DirectMethodHandleAccessor.invoke(DirectMethodHandleAccessor.java:104)
	at java.base/java.lang.reflect.Method.invoke(Method.java:565)
	at org.junit.platform.commons.util.ReflectionUtils.invokeMethod(ReflectionUtils.java:686)
	at org.junit.jupiter.engine.execution.MethodInvocation.proceed(MethodInvocation.java:60)
	at org.junit.jupiter.engine.execution.InvocationInterceptorChain$ValidatingInvocation.proceed(InvocationInterceptorChain.java:131)
	at org.junit.jupiter.engine.extension.TimeoutExtension.intercept(TimeoutExtension.java:149)
	at org.junit.jupiter.engine.extension.TimeoutExtension.interceptTestableMethod(TimeoutExtension.java:140)
	at org.junit.jupiter.engine.extension.TimeoutExtension.interceptTestMethod(TimeoutExtension.java:84)
	at org.junit.jupiter.engine.execution.ExecutableInvoker$ReflectiveInterceptorCall.lambda$ofVoidMethod$0(ExecutableInvoker.java:115)
	at org.junit.jupiter.engine.execution.ExecutableInvoker.lambda$invoke$0(ExecutableInvoker.java:105)
	at org.junit.jupiter.engine.execution.InvocationInterceptorChain$InterceptedInvocation.proceed(InvocationInterceptorChain.java:106)
	at org.junit.jupiter.engine.execution.InvocationInterceptorChain.proceed(InvocationInterceptorChain.java:64)
	at org.junit.jupiter.engine.execution.InvocationInterceptorChain.chainAndInvoke(InvocationInterceptorChain.java:45)
	at org.junit.jupiter.engine.execution.InvocationInterceptorChain.invoke(InvocationInterceptorChain.java:37)
	at org.junit.jupiter.engine.execution.ExecutableInvoker.invoke(ExecutableInvoker.java:104)
	at org.junit.jupiter.engine.execution.ExecutableInvoker.invoke(ExecutableInvoker.java:98)
	at org.junit.jupiter.engine.descriptor.TestMethodTestDescriptor.lambda$invokeTestMethod$6(TestMethodTestDescriptor.java:212)
	at org.junit.platform.engine.support.hierarchical.ThrowableCollector.execute(ThrowableCollector.java:73)
	at org.junit.jupiter.engine.descriptor.TestMethodTestDescriptor.invokeTestMethod(TestMethodTestDescriptor.java:208)
	at org.junit.jupiter.engine.descriptor.TestMethodTestDescriptor.execute(TestMethodTestDescriptor.java:137)
	at org.junit.jupiter.engine.descriptor.TestMethodTestDescriptor.execute(TestMethodTestDescriptor.java:71)
	at org.junit.platform.engine.support.hierarchical.NodeTestTask.lambda$executeRecursively$5(NodeTestTask.java:135)
	at org.junit.platform.engine.support.hierarchical.ThrowableCollector.execute(ThrowableCollector.java:73)
	at org.junit.platform.engine.support.hierarchical.NodeTestTask.lambda$executeRecursively$7(NodeTestTask.java:125)
	at org.junit.platform.engine.support.hierarchical.Node.around(Node.java:135)
	at org.junit.platform.engine.support.hierarchical.NodeTestTask.lambda$executeRecursively$8(NodeTestTask.java:123)
	at org.junit.platform.engine.support.hierarchical.ThrowableCollector.execute(ThrowableCollector.java:73)
	at org.junit.platform.engine.support.hierarchical.NodeTestTask.executeRecursively(NodeTestTask.java:122)
	at org.junit.platform.engine.support.hierarchical.NodeTestTask.execute(NodeTestTask.java:80)
	at java.base/java.util.ArrayList.forEach(ArrayList.java:1612)
	at org.junit.platform.engine.support.hierarchical.SameThreadHierarchicalTestExecutorService.invokeAll(SameThreadHierarchicalTestExecutorService.java:38)
	at org.junit.platform.engine.support.hierarchical.NodeTestTask.lambda$executeRecursively$5(NodeTestTask.java:139)
	at org.junit.platform.engine.support.hierarchical.ThrowableCollector.execute(ThrowableCollector.java:73)
	at org.junit.platform.engine.support.hierarchical.NodeTestTask.lambda$executeRecursively$7(NodeTestTask.java:125)
	at org.junit.platform.engine.support.hierarchical.Node.around(Node.java:135)
	at org.junit.platform.engine.support.hierarchical.NodeTestTask.lambda$executeRecursively$8(NodeTestTask.java:123)
	at org.junit.platform.engine.support.hierarchical.ThrowableCollector.execute(ThrowableCollector.java:73)
	at org.junit.platform.engine.support.hierarchical.NodeTestTask.executeRecursively(NodeTestTask.java:122)
	at org.junit.platform.engine.support.hierarchical.NodeTestTask.execute(NodeTestTask.java:80)
	at java.base/java.util.ArrayList.forEach(ArrayList.java:1612)
	at org.junit.platform.engine.support.hierarchical.SameThreadHierarchicalTestExecutorService.invokeAll(SameThreadHierarchicalTestExecutorService.java:38)
	at org.junit.platform.engine.support.hierarchical.NodeTestTask.lambda$executeRecursively$5(NodeTestTask.java:139)
	at org.junit.platform.engine.support.hierarchical.ThrowableCollector.execute(ThrowableCollector.java:73)
	at org.junit.platform.engine.support.hierarchical.NodeTestTask.lambda$executeRecursively$7(NodeTestTask.java:125)
	at org.junit.platform.engine.support.hierarchical.Node.around(Node.java:135)
	at org.junit.platform.engine.support.hierarchical.NodeTestTask.lambda$executeRecursively$8(NodeTestTask.java:123)
	at org.junit.platform.engine.support.hierarchical.ThrowableCollector.execute(ThrowableCollector.java:73)
	at org.junit.platform.engine.support.hierarchical.NodeTestTask.executeRecursively(NodeTestTask.java:122)
	at org.junit.platform.engine.support.hierarchical.NodeTestTask.execute(NodeTestTask.java:80)
	at org.junit.platform.engine.support.hierarchical.SameThreadHierarchicalTestExecutorService.submit(SameThreadHierarchicalTestExecutorService.java:32)
	at org.junit.platform.engine.support.hierarchical.HierarchicalTestExecutor.execute(HierarchicalTestExecutor.java:57)
	at org.junit.platform.engine.support.hierarchical.HierarchicalTestEngine.execute(HierarchicalTestEngine.java:51)
	at org.junit.platform.launcher.core.DefaultLauncher.execute(DefaultLauncher.java:248)
	at org.junit.platform.launcher.core.DefaultLauncher.lambda$execute$5(DefaultLauncher.java:211)
	at org.junit.platform.launcher.core.DefaultLauncher.withInterceptedStreams(DefaultLauncher.java:226)
	at org.junit.platform.launcher.core.DefaultLauncher.execute(DefaultLauncher.java:199)
	at org.junit.platform.launcher.core.DefaultLauncher.execute(DefaultLauncher.java:132)
	at org.apache.maven.surefire.junitplatform.LazyLauncher.execute(LazyLauncher.java:56)
	at org.apache.maven.surefire.junitplatform.JUnitPlatformProvider.execute(JUnitPlatformProvider.java:194)
	at org.apache.maven.surefire.junitplatform.JUnitPlatformProvider.invokeAllTests(JUnitPlatformProvider.java:150)
	at org.apache.maven.surefire.junitplatform.JUnitPlatformProvider.invoke(JUnitPlatformProvider.java:124)
	at org.apache.maven.surefire.booter.ForkedBooter.runSuitesInProcess(ForkedBooter.java:385)
	at org.apache.maven.surefire.booter.ForkedBooter.execute(ForkedBooter.java:162)
	at org.apache.maven.surefire.booter.ForkedBooter.run(ForkedBooter.java:507)
	at org.apache.maven.surefire.booter.ForkedBooter.main(ForkedBooter.java:495)
]]></failure>
    <system-out><![CDATA[Server running on port 0 & waiting for client connections...
New client connected: Socket[addr=/127.0.0.1,port=33592,localport=34633]
Connection from localhost

Server Command> 
Name: ROBOT1 , Command: launch , Arguments: ["shooter","5","5"]
Robot ROBOT1 launched into Position: 
  State:
    - Position: [0,0]
    - Make: hitbot
    - Direction: NORTH
    - Shields: 5
    - Shots: 5
    - Status: NORMAL


Server Command> 
< Client Response:
  Result: OK
  Message: Robot 'ROBOT1' of type 'shooter' launched.
  State:
    - Position: [0,0]
    - Make: hitbot
    - Direction: NORTH
    - Shields: 5
    - Shots: 5
    - Status: NORMAL
Server Command> 
Server socket closed.
]]></system-out>
  </testcase>
</testsuite>